<?xml version="1.0" encoding="UTF-8"?>
<testsuite name="io.vertx.tutorial.MainVerticleTest" tests="1" skipped="0" failures="0" errors="0" timestamp="2019-11-11T08:49:18" hostname="L3701100198" time="0.563">
  <properties/>
  <testcase name="testThatTheServerIsStarted" classname="io.vertx.tutorial.MainVerticleTest" time="0.563"/>
  <system-out><![CDATA[http://localhost:8080/
]]></system-out>
  <system-err><![CDATA[]]></system-err>
</testsuite>
